  main.cpp
main.cpp(39): warning C4244: 'argument': conversion from 'time_t' to 'unsigned int', possible loss of data
  Generating code
LINK : fatal error C1001: An internal error has occurred in the compiler.
  (compiler file 'f:\dd\vctools\compiler\utc\src\p2\main.c', line 258)
   To work around this problem, try simplifying or changing the program near the locations listed above.
  Please choose the Technical Support command on the Visual C++ 
   Help menu, or open the Technical Support help file for more information
    link!InvokeCompilerPass()+0x25222
    link!InvokeCompilerPass()+0x25222
    link!InvokeCompilerPass()+0x1ec12
    link!DllGetC2Telemetry()+0x107861
  
LINK : fatal error C1001: An internal error has occurred in the compiler.
  (compiler file 'f:\dd\vctools\compiler\utc\src\p2\main.c', line 258)
   To work around this problem, try simplifying or changing the program near the locations listed above.
  Please choose the Technical Support command on the Visual C++ 
   Help menu, or open the Technical Support help file for more information
    link!InvokeCompilerPass()+0x25222
    link!InvokeCompilerPass()+0x1ec12
    link!DllGetC2Telemetry()+0x107861
  
  
LINK : fatal error LNK1000: Internal error during IMAGE::BuildImage
  
    Version 14.12.25834.0
  
    ExceptionCode            = C0000005
    ExceptionFlags           = 00000000
    ExceptionAddress         = 102395DC (0FE00000) "C:\Program Files (x86)\Microsoft Visual Studio\2017\Enterprise\VC\Tools\MSVC\14.12.25827\bin\HostX86\x64\c2.dll"
    NumberParameters         = 00000002
    ExceptionInformation[ 0] = 00000000
    ExceptionInformation[ 1] = FFFFFFFC
  
  CONTEXT:
    Eax    = 00000000  Esp    = 0089E910
    Ebx    = 00000000  Ebp    = 0089E948
    Ecx    = 00000000  Esi    = 0329FB10
    Edx    = 0850C1EC  Edi    = 0666F23C
    Eip    = 102395DC  EFlags = 00010206
    SegCs  = 00000023  SegDs  = 0000002B
    SegSs  = 0000002B  SegEs  = 0000002B
    SegFs  = 00000053  SegGs  = 0000002B
    Dr0    = 00000000  Dr3    = 00000000
    Dr1    = 00000000  Dr6    = 00000000
    Dr2    = 00000000  Dr7    = 00000000
